<?xml version="1.0" encoding="UTF-8"?>
<!-- Generated by org.testng.reporters.JUnitReportReporter -->
<testsuite skipped="0" hostname="ELF34-SREENIVAS" name="TestNG.handlingthreadpoolsizeandinvocationcount" tests="3" failures="0" timestamp="10 Jun 2022 07:56:18 GMT" time="364.878" errors="0">
  <testcase name="execute" time="124.948" classname="TestNG.handlingthreadpoolsizeandinvocationcount"/>
  <testcase name="execute" time="119.989" classname="TestNG.handlingthreadpoolsizeandinvocationcount"/>
  <testcase name="execute" time="119.941" classname="TestNG.handlingthreadpoolsizeandinvocationcount"/>
</testsuite> <!-- TestNG.handlingthreadpoolsizeandinvocationcount -->
