<?xml version="1.0" encoding="UTF-8"?>
<!-- Generated by org.testng.reporters.JUnitReportReporter -->
<testsuite skipped="0" hostname="ELF34-SREENIVAS" name="TestNG.testngusingxmlfile" tests="4" failures="0" timestamp="10 Jun 2022 07:56:18 GMT" time="0.175" errors="0">
  <testcase name="companies" time="0.003" classname="TestNG.testngusingxmlfile"/>
  <testcase name="movies" time="0.150" classname="TestNG.testngusingxmlfile"/>
  <testcase name="area" time="0.018" classname="TestNG.testngusingxmlfile"/>
  <testcase name="food" time="0.004" classname="TestNG.testngusingxmlfile"/>
</testsuite> <!-- TestNG.testngusingxmlfile -->
