<?xml version="1.0" encoding="UTF-8"?>
<!-- Generated by org.testng.reporters.JUnitReportReporter -->
<testsuite skipped="0" hostname="ELF34-SREENIVAS" name="TestNG.loginTCfordemowebshop" tests="4" failures="0" timestamp="10 Jun 2022 07:56:18 GMT" time="260.841" errors="0">
  <testcase name="login" time="29.989" classname="TestNG.loginTCfordemowebshop"/>
  <testcase name="login" time="22.328" classname="TestNG.loginTCfordemowebshop"/>
  <testcase name="login" time="85.438" classname="TestNG.loginTCfordemowebshop"/>
  <testcase name="login" time="123.086" classname="TestNG.loginTCfordemowebshop"/>
</testsuite> <!-- TestNG.loginTCfordemowebshop -->
