<?xml version="1.0" encoding="UTF-8"?>
<!-- Generated by org.testng.reporters.JUnitReportReporter -->
<testsuite skipped="0" hostname="ELF34-SREENIVAS" name="TestNG.muitlidimensionalusinftestng" tests="5" failures="0" timestamp="10 Jun 2022 07:56:18 GMT" time="0.022" errors="0">
  <testcase name="run" time="0.008" classname="TestNG.muitlidimensionalusinftestng"/>
  <testcase name="run" time="0.003" classname="TestNG.muitlidimensionalusinftestng"/>
  <testcase name="run" time="0.002" classname="TestNG.muitlidimensionalusinftestng"/>
  <testcase name="run" time="0.006" classname="TestNG.muitlidimensionalusinftestng"/>
  <testcase name="run" time="0.003" classname="TestNG.muitlidimensionalusinftestng"/>
</testsuite> <!-- TestNG.muitlidimensionalusinftestng -->
