<?xml version="1.0" encoding="UTF-8"?>
<!-- Generated by org.testng.reporters.JUnitReportReporter -->
<testsuite skipped="0" hostname="ELF34-SREENIVAS" name="TestNG.loginscriptusingtestng" tests="1" failures="0" timestamp="10 Jun 2022 07:56:18 GMT" time="123.892" errors="0">
  <testcase name="login" time="123.892" classname="TestNG.loginscriptusingtestng"/>
</testsuite> <!-- TestNG.loginscriptusingtestng -->
