<?xml version="1.0" encoding="UTF-8"?>
<!-- Generated by org.testng.reporters.JUnitReportReporter -->
<testsuite skipped="0" hostname="ELF34-SREENIVAS" name="Pomrepository.callingregistertc" tests="3" failures="0" timestamp="14 Jun 2022 09:21:30 GMT" time="23.495" errors="0">
  <testcase name="register" time="12.996" classname="Pomrepository.callingregistertc"/>
  <testcase name="register" time="5.475" classname="Pomrepository.callingregistertc"/>
  <testcase name="register" time="5.024" classname="Pomrepository.callingregistertc"/>
</testsuite> <!-- Pomrepository.callingregistertc -->
