<?xml version="1.0" encoding="UTF-8"?>
<!-- Generated by org.testng.reporters.JUnitReportReporter -->
<testsuite skipped="0" hostname="ELF34-SREENIVAS" name="TestNG.handlingwithchromebrowser" tests="1" failures="0" timestamp="11 Jun 2022 04:03:45 GMT" time="9.376" errors="0">
  <testcase name="launch" time="9.376" classname="TestNG.handlingwithchromebrowser"/>
</testsuite> <!-- TestNG.handlingwithchromebrowser -->
