<?xml version="1.0" encoding="UTF-8"?>
<!-- Generated by org.testng.reporters.JUnitReportReporter -->
<testsuite skipped="0" hostname="ELF34-SREENIVAS" name="TestNG.configurationannotation" tests="1" failures="0" timestamp="10 Jun 2022 07:56:18 GMT" time="0.025" errors="0">
  <testcase name="test" time="0.025" classname="TestNG.configurationannotation"/>
</testsuite> <!-- TestNG.configurationannotation -->
